\BOOKMARK [1][-]{section.1}{Introduction}{}% 1
\BOOKMARK [1][-]{section.2}{Background}{}% 2
\BOOKMARK [2][-]{subsection.2.1}{Aquired\040vs\040Modeled\0403D\040Meshes}{section.2}% 3
\BOOKMARK [2][-]{subsection.2.2}{Data\040Representation}{section.2}% 4
\BOOKMARK [2][-]{subsection.2.3}{Irregular\040Non-Manifold\040Meshes\040and\0402D-Manifolds\040in\0403D-Space}{section.2}% 5
\BOOKMARK [2][-]{subsection.2.4}{Data\040cleaning\040-\040Ensuring\040a\040Perfect\040Mesh}{section.2}% 6
\BOOKMARK [1][-]{section.3}{Related\040Work}{}% 7
\BOOKMARK [1][-]{section.4}{Fast\0401-Ring\040Smoothing}{}% 8
\BOOKMARK [2][-]{subsection.4.1}{Serial\040Algorithm}{section.4}% 9
\BOOKMARK [1][-]{section.5}{Acceleration\040by\040CUDA}{}% 10
\BOOKMARK [2][-]{subsection.5.1}{Data\040Partitioning}{section.5}% 11
\BOOKMARK [2][-]{subsection.5.2}{Serial\040vs\040Multi-threaded\040vs\040GPU}{section.5}% 12
\BOOKMARK [2][-]{subsection.5.3}{Versions\040<9,\040vs\040>=\0409}{section.5}% 13
\BOOKMARK [1][-]{section.6}{CUDA}{}% 14
\BOOKMARK [1][-]{section.7}{Alternative\040Approaches}{}% 15
\BOOKMARK [1][-]{section.8}{Experiments}{}% 16
\BOOKMARK [2][-]{subsection.8.1}{Data\040Sets}{section.8}% 17
\BOOKMARK [3][-]{subsubsection.8.1.1}{Synthetic\040Examples}{subsection.8.1}% 18
\BOOKMARK [3][-]{subsubsection.8.1.2}{Real\040World\040Examples}{subsection.8.1}% 19
\BOOKMARK [1][-]{section.9}{Evaluation\040and\040Analysis}{}% 20
\BOOKMARK [2][-]{subsection.9.1}{Timing}{section.9}% 21
\BOOKMARK [2][-]{subsection.9.2}{Speedup,\040efficiency}{section.9}% 22
\BOOKMARK [2][-]{subsection.9.3}{Degree\040of\040Parallelism}{section.9}% 23
\BOOKMARK [2][-]{subsection.9.4}{Iso-efficiency}{section.9}% 24
\BOOKMARK [2][-]{subsection.9.5}{Scalability}{section.9}% 25
\BOOKMARK [1][-]{section.10}{Code}{}% 26
\BOOKMARK [2][-]{subsection.10.1}{Integration\040with\040Legacy\040Code}{section.10}% 27
\BOOKMARK [2][-]{subsection.10.2}{Distribution}{section.10}% 28
\BOOKMARK [1][-]{section.11}{Conclusions}{}% 29
